<?xml version="1.0" encoding="UTF-8"?>
<testng-results ignored="0" total="4" passed="4" failed="0" skipped="0">
  <reporter-output>
  </reporter-output>
  <suite started-at="2024-11-21T12:18:54 IST" name="Default suite" finished-at="2024-11-21T12:19:03 IST" duration-ms="8282">
    <groups>
    </groups>
    <test started-at="2024-11-21T12:18:54 IST" name="Default test" finished-at="2024-11-21T12:19:03 IST" duration-ms="8282">
      <class name="advsel.DemoDataDriven">
        <test-method signature="demoA(java.lang.String,java.lang.String)[pri:0, instance:advsel.DemoDataDriven@7334aada]" started-at="2024-11-21T12:18:54 IST" name="demoA" data-provider="getData" finished-at="2024-11-21T12:18:57 IST" duration-ms="2745" status="PASS">
          <params>
            <param index="0">
              <value>
                <![CDATA[admin]]>
              </value>
            </param>
            <param index="1">
              <value>
                <![CDATA[manager]]>
              </value>
            </param>
          </params>
          <reporter-output>
          </reporter-output>
        </test-method> <!-- demoA -->
        <test-method signature="demoA(java.lang.String,java.lang.String)[pri:0, instance:advsel.DemoDataDriven@7334aada]" started-at="2024-11-21T12:18:57 IST" name="demoA" data-provider="getData" finished-at="2024-11-21T12:18:59 IST" duration-ms="1865" status="PASS">
          <params>
            <param index="0">
              <value>
                <![CDATA[loki]]>
              </value>
            </param>
            <param index="1">
              <value>
                <![CDATA[odin]]>
              </value>
            </param>
          </params>
          <reporter-output>
          </reporter-output>
        </test-method> <!-- demoA -->
        <test-method signature="demoA(java.lang.String,java.lang.String)[pri:0, instance:advsel.DemoDataDriven@7334aada]" started-at="2024-11-21T12:18:59 IST" name="demoA" data-provider="getData" finished-at="2024-11-21T12:19:01 IST" duration-ms="1845" status="PASS">
          <params>
            <param index="0">
              <value>
                <![CDATA[tony]]>
              </value>
            </param>
            <param index="1">
              <value>
                <![CDATA[thanos]]>
              </value>
            </param>
          </params>
          <reporter-output>
          </reporter-output>
        </test-method> <!-- demoA -->
        <test-method signature="demoA(java.lang.String,java.lang.String)[pri:0, instance:advsel.DemoDataDriven@7334aada]" started-at="2024-11-21T12:19:01 IST" name="demoA" data-provider="getData" finished-at="2024-11-21T12:19:03 IST" duration-ms="1784" status="PASS">
          <params>
            <param index="0">
              <value>
                <![CDATA[bruce]]>
              </value>
            </param>
            <param index="1">
              <value>
                <![CDATA[arthur]]>
              </value>
            </param>
          </params>
          <reporter-output>
          </reporter-output>
        </test-method> <!-- demoA -->
      </class> <!-- advsel.DemoDataDriven -->
    </test> <!-- Default test -->
  </suite> <!-- Default suite -->
</testng-results>
