<?xml version="1.0" encoding="UTF-8"?>
<!-- Generated by org.testng.reporters.JUnitXMLReporter -->
<testsuite ignored="0" hostname="Fadnis_fam" failures="0" tests="4" name="Default test" time="8.282" errors="0" timestamp="2024-11-21T12:19:03 IST">
  <testcase classname="advsel.DemoDataDriven" name="demoA" time="2.745"/>
  <testcase classname="advsel.DemoDataDriven" name="demoA" time="1.865"/>
  <testcase classname="advsel.DemoDataDriven" name="demoA" time="1.845"/>
  <testcase classname="advsel.DemoDataDriven" name="demoA" time="1.784"/>
</testsuite> <!-- Default test -->
